Mobile Application/Mobile Application/platforms/android/build/outputs/logs/manifest-merger-debug-report.txt
-- Merging decision tree log ---
manifest
ADDED from platforms\android\AndroidManifest.xml:2:1-23:12
	package
		ADDED from platforms\android\AndroidManifest.xml:2:98-135
		INJECTED from platforms\android\AndroidManifest.xml
		INJECTED from platforms\android\AndroidManifest.xml
	android:versionName
		ADDED from platforms\android\AndroidManifest.xml:2:70-97
		INJECTED from platforms\android\AndroidManifest.xml
		INJECTED from platforms\android\AndroidManifest.xml
	android:hardwareAccelerated
		ADDED from platforms\android\AndroidManifest.xml:2:11-45
	android:versionCode
		ADDED from platforms\android\AndroidManifest.xml:2:46-69
		INJECTED from platforms\android\AndroidManifest.xml
		INJECTED from platforms\android\AndroidManifest.xml
	xmlns:android
		ADDED from platforms\android\AndroidManifest.xml:2:136-194
supports-screens
ADDED from platforms\android\AndroidManifest.xml:3:5-191
	android:largeScreens
		ADDED from platforms\android\AndroidManifest.xml:3:49-76
	android:smallScreens
		ADDED from platforms\android\AndroidManifest.xml:3:132-159
	android:normalScreens
		ADDED from platforms\android\AndroidManifest.xml:3:77-105
	android:xlargeScreens
		ADDED from platforms\android\AndroidManifest.xml:3:160-188
	android:resizeable
		ADDED from platforms\android\AndroidManifest.xml:3:106-131
	android:anyDensity
		ADDED from platforms\android\AndroidManifest.xml:3:23-48
uses-permission#android.permission.INTERNET
ADDED from platforms\android\AndroidManifest.xml:4:5-67
	android:name
		ADDED from platforms\android\AndroidManifest.xml:4:22-64
application
ADDED from platforms\android\AndroidManifest.xml:5:5-12:19
	android:label
		ADDED from platforms\android\AndroidManifest.xml:5:83-115
	android:supportsRtl
		ADDED from platforms\android\AndroidManifest.xml:5:116-142
	android:hardwareAccelerated
		ADDED from platforms\android\AndroidManifest.xml:5:18-52
	android:icon
		ADDED from platforms\android\AndroidManifest.xml:5:53-82
activity#com.codeforpakistan.muhafiz.MainActivity
ADDED from platforms\android\AndroidManifest.xml:6:9-11:20
	android:label
		ADDED from platforms\android\AndroidManifest.xml:6:97-134
	android:launchMode
		ADDED from platforms\android\AndroidManifest.xml:6:135-165
	android:windowSoftInputMode
		ADDED from platforms\android\AndroidManifest.xml:6:257-299
	android:configChanges
		ADDED from platforms\android\AndroidManifest.xml:6:19-96
	android:theme
		ADDED from platforms\android\AndroidManifest.xml:6:194-256
	android:name
		ADDED from platforms\android\AndroidManifest.xml:6:166-193
intent-filter#android.intent.action.MAIN+android.intent.category.LAUNCHER
ADDED from platforms\android\AndroidManifest.xml:7:13-10:29
	android:label
		ADDED from platforms\android\AndroidManifest.xml:7:28-65
action#android.intent.action.MAIN
ADDED from platforms\android\AndroidManifest.xml:8:17-69
	android:name
		ADDED from platforms\android\AndroidManifest.xml:8:25-66
category#android.intent.category.LAUNCHER
ADDED from platforms\android\AndroidManifest.xml:9:17-77
	android:name
		ADDED from platforms\android\AndroidManifest.xml:9:27-74
uses-sdk
ADDED from platforms\android\AndroidManifest.xml:13:5-74
MERGED from [android:CordovaLib:unspecified:debug] AndroidManifest.xml:25:5-44
	android:targetSdkVersion
		ADDED from platforms\android\AndroidManifest.xml:13:42-71
	android:minSdkVersion
		ADDED from platforms\android\AndroidManifest.xml:13:15-41
uses-permission#android.permission.ACCESS_NETWORK_STATE
ADDED from platforms\android\AndroidManifest.xml:14:5-79
	android:name
		ADDED from platforms\android\AndroidManifest.xml:14:22-76
uses-permission#android.permission.SEND_SMS
ADDED from platforms\android\AndroidManifest.xml:15:5-67
	android:name
		ADDED from platforms\android\AndroidManifest.xml:15:22-64
uses-permission#android.permission.READ_PHONE_STATE
ADDED from platforms\android\AndroidManifest.xml:16:5-75
	android:name
		ADDED from platforms\android\AndroidManifest.xml:16:22-72
uses-feature#android.hardware.telephony
ADDED from platforms\android\AndroidManifest.xml:17:5-88
	android:required
		ADDED from platforms\android\AndroidManifest.xml:17:61-85
	android:name
		ADDED from platforms\android\AndroidManifest.xml:17:19-60
uses-permission#android.permission.RECEIVE_SMS
ADDED from platforms\android\AndroidManifest.xml:18:5-70
	android:name
		ADDED from platforms\android\AndroidManifest.xml:18:22-67
uses-permission#android.permission.RECEIVE_WAP_PUSH
ADDED from platforms\android\AndroidManifest.xml:19:5-75
	android:name
		ADDED from platforms\android\AndroidManifest.xml:19:22-72
uses-permission#android.permission.RECEIVE_MMS
ADDED from platforms\android\AndroidManifest.xml:20:5-70
	android:name
		ADDED from platforms\android\AndroidManifest.xml:20:22-67
uses-permission#android.permission.READ_SMS
ADDED from platforms\android\AndroidManifest.xml:21:5-67
	android:name
		ADDED from platforms\android\AndroidManifest.xml:21:22-64
uses-permission#android.permission.WRITE_SMS
ADDED from platforms\android\AndroidManifest.xml:22:5-68
	android:name
		ADDED from platforms\android\AndroidManifest.xml:22:22-65